{"type":"runtime_boot","payload":{"status":"online"},"timestamp":"2026-05-07T17:23:30.311Z"}
{"type":"runtime_boot","payload":{"status":"online"},"timestamp":"2026-05-07T17:26:06.108Z"}
{"type":"voice_interaction","payload":{"text":"Sinclin operational validation","session":"production_validation","persona":"doctor"},"timestamp":"2026-05-07T17:26:13.342Z"}
{"type":"scanner_analysis","payload":{"uptime":30.2869148,"memory":{"rss":45707264,"heapTotal":10035200,"heapUsed":8063904,"external":2314185,"arrayBuffers":18891},"cpu":7,"timestamp":"2026-05-07T17:26:36.116Z"},"timestamp":"2026-05-07T17:26:36.116Z"}
{"type":"scanner_analysis","payload":{"uptime":60.2922834,"memory":{"rss":45752320,"heapTotal":10035200,"heapUsed":8113432,"external":2314225,"arrayBuffers":18891},"cpu":7,"timestamp":"2026-05-07T17:27:06.122Z"},"timestamp":"2026-05-07T17:27:06.122Z"}
{"type":"scanner_analysis","payload":{"uptime":90.3079007,"memory":{"rss":45817856,"heapTotal":10035200,"heapUsed":8196128,"external":2314225,"arrayBuffers":18891},"cpu":7,"timestamp":"2026-05-07T17:27:36.137Z"},"timestamp":"2026-05-07T17:27:36.137Z"}
{"type":"scanner_analysis","payload":{"uptime":120.3182711,"memory":{"rss":45895680,"heapTotal":10035200,"heapUsed":8217048,"external":2314225,"arrayBuffers":18891},"cpu":7,"timestamp":"2026-05-07T17:28:06.147Z"},"timestamp":"2026-05-07T17:28:06.148Z"}
{"type":"scanner_analysis","payload":{"uptime":150.3253204,"memory":{"rss":45903872,"heapTotal":10035200,"heapUsed":8253472,"external":2314225,"arrayBuffers":18891},"cpu":7,"timestamp":"2026-05-07T17:28:36.155Z"},"timestamp":"2026-05-07T17:28:36.155Z"}
{"type":"scanner_analysis","payload":{"uptime":180.3378646,"memory":{"rss":45912064,"heapTotal":10035200,"heapUsed":8279120,"external":2314225,"arrayBuffers":18891},"cpu":7,"timestamp":"2026-05-07T17:29:06.167Z"},"timestamp":"2026-05-07T17:29:06.167Z"}
{"type":"scanner_analysis","payload":{"uptime":210.3529263,"memory":{"rss":45912064,"heapTotal":10035200,"heapUsed":8299208,"external":2314225,"arrayBuffers":18891},"cpu":7,"timestamp":"2026-05-07T17:29:36.182Z"},"timestamp":"2026-05-07T17:29:36.182Z"}
{"type":"scanner_analysis","payload":{"uptime":240.360258,"memory":{"rss":45981696,"heapTotal":10035200,"heapUsed":8325064,"external":2314225,"arrayBuffers":18891},"cpu":7,"timestamp":"2026-05-07T17:30:06.189Z"},"timestamp":"2026-05-07T17:30:06.190Z"}
{"type":"scanner_analysis","payload":{"uptime":270.361249,"memory":{"rss":45985792,"heapTotal":10035200,"heapUsed":8350448,"external":2314225,"arrayBuffers":18891},"cpu":7,"timestamp":"2026-05-07T17:30:36.190Z"},"timestamp":"2026-05-07T17:30:36.191Z"}
{"type":"scanner_analysis","payload":{"uptime":300.3749489,"memory":{"rss":46010368,"heapTotal":10035200,"heapUsed":8370984,"external":2314225,"arrayBuffers":18891},"cpu":7,"timestamp":"2026-05-07T17:31:06.204Z"},"timestamp":"2026-05-07T17:31:06.204Z"}
{"type":"scanner_analysis","payload":{"uptime":330.3839398,"memory":{"rss":46075904,"heapTotal":10035200,"heapUsed":8390376,"external":2314225,"arrayBuffers":18891},"cpu":7,"timestamp":"2026-05-07T17:31:36.213Z"},"timestamp":"2026-05-07T17:31:36.213Z"}
{"type":"scanner_analysis","payload":{"uptime":360.3845592,"memory":{"rss":46075904,"heapTotal":10035200,"heapUsed":8409616,"external":2314225,"arrayBuffers":18891},"cpu":7,"timestamp":"2026-05-07T17:32:06.214Z"},"timestamp":"2026-05-07T17:32:06.214Z"}
{"type":"scanner_analysis","payload":{"uptime":390.3855592,"memory":{"rss":46075904,"heapTotal":10035200,"heapUsed":8428888,"external":2314225,"arrayBuffers":18891},"cpu":7,"timestamp":"2026-05-07T17:32:36.215Z"},"timestamp":"2026-05-07T17:32:36.215Z"}
{"type":"scanner_analysis","payload":{"uptime":420.4001828,"memory":{"rss":46055424,"heapTotal":10035200,"heapUsed":8448160,"external":2314225,"arrayBuffers":18891},"cpu":7,"timestamp":"2026-05-07T17:33:06.229Z"},"timestamp":"2026-05-07T17:33:06.229Z"}
{"type":"scanner_analysis","payload":{"uptime":450.4031944,"memory":{"rss":46071808,"heapTotal":10035200,"heapUsed":8467104,"external":2314225,"arrayBuffers":18891},"cpu":7,"timestamp":"2026-05-07T17:33:36.232Z"},"timestamp":"2026-05-07T17:33:36.232Z"}
{"type":"scanner_analysis","payload":{"uptime":480.4128842,"memory":{"rss":46088192,"heapTotal":10035200,"heapUsed":8486008,"external":2314225,"arrayBuffers":18891},"cpu":7,"timestamp":"2026-05-07T17:34:06.242Z"},"timestamp":"2026-05-07T17:34:06.242Z"}
{"type":"scanner_analysis","payload":{"uptime":510.4228912,"memory":{"rss":46108672,"heapTotal":10035200,"heapUsed":8504912,"external":2314225,"arrayBuffers":18891},"cpu":7,"timestamp":"2026-05-07T17:34:36.252Z"},"timestamp":"2026-05-07T17:34:36.252Z"}
{"type":"scanner_analysis","payload":{"uptime":540.4300286,"memory":{"rss":46194688,"heapTotal":10035200,"heapUsed":8532056,"external":2314225,"arrayBuffers":18891},"cpu":7,"timestamp":"2026-05-07T17:35:06.259Z"},"timestamp":"2026-05-07T17:35:06.259Z"}
{"type":"scanner_analysis","payload":{"uptime":570.4399838,"memory":{"rss":46194688,"heapTotal":10035200,"heapUsed":8551016,"external":2314225,"arrayBuffers":18891},"cpu":7,"timestamp":"2026-05-07T17:35:36.269Z"},"timestamp":"2026-05-07T17:35:36.269Z"}
{"type":"scanner_analysis","payload":{"uptime":600.4449072,"memory":{"rss":46211072,"heapTotal":10035200,"heapUsed":8570064,"external":2314225,"arrayBuffers":18891},"cpu":7,"timestamp":"2026-05-07T17:36:06.274Z"},"timestamp":"2026-05-07T17:36:06.274Z"}
{"type":"scanner_analysis","payload":{"uptime":630.4539119,"memory":{"rss":46219264,"heapTotal":10035200,"heapUsed":8597408,"external":2314225,"arrayBuffers":18891},"cpu":7,"timestamp":"2026-05-07T17:36:36.283Z"},"timestamp":"2026-05-07T17:36:36.283Z"}
{"type":"scanner_analysis","payload":{"uptime":660.4624514,"memory":{"rss":46284800,"heapTotal":10035200,"heapUsed":8616328,"external":2314225,"arrayBuffers":18891},"cpu":7,"timestamp":"2026-05-07T17:37:06.292Z"},"timestamp":"2026-05-07T17:37:06.292Z"}
{"type":"scanner_analysis","payload":{"uptime":690.4744505,"memory":{"rss":46268416,"heapTotal":10035200,"heapUsed":8635248,"external":2314225,"arrayBuffers":18891},"cpu":7,"timestamp":"2026-05-07T17:37:36.304Z"},"timestamp":"2026-05-07T17:37:36.304Z"}
{"type":"scanner_analysis","payload":{"uptime":720.4755227,"memory":{"rss":46268416,"heapTotal":10035200,"heapUsed":8654168,"external":2314225,"arrayBuffers":18891},"cpu":7,"timestamp":"2026-05-07T17:38:06.305Z"},"timestamp":"2026-05-07T17:38:06.305Z"}
{"type":"scanner_analysis","payload":{"uptime":750.4805271,"memory":{"rss":46333952,"heapTotal":10035200,"heapUsed":8675464,"external":2314225,"arrayBuffers":18891},"cpu":7,"timestamp":"2026-05-07T17:38:36.310Z"},"timestamp":"2026-05-07T17:38:36.310Z"}
{"type":"scanner_analysis","payload":{"uptime":780.493698,"memory":{"rss":46333952,"heapTotal":10035200,"heapUsed":8694384,"external":2314225,"arrayBuffers":18891},"cpu":7,"timestamp":"2026-05-07T17:39:06.323Z"},"timestamp":"2026-05-07T17:39:06.323Z"}
{"type":"scanner_analysis","payload":{"uptime":810.5096757,"memory":{"rss":46333952,"heapTotal":10035200,"heapUsed":8713280,"external":2314225,"arrayBuffers":18891},"cpu":7,"timestamp":"2026-05-07T17:39:36.415Z"},"timestamp":"2026-05-07T17:39:36.415Z"}
{"type":"scanner_analysis","payload":{"uptime":840.5184785,"memory":{"rss":46333952,"heapTotal":10035200,"heapUsed":8732176,"external":2314225,"arrayBuffers":18891},"cpu":7,"timestamp":"2026-05-07T17:40:06.348Z"},"timestamp":"2026-05-07T17:40:06.348Z"}
{"type":"scanner_analysis","payload":{"uptime":870.5184906,"memory":{"rss":46350336,"heapTotal":10035200,"heapUsed":8751464,"external":2314225,"arrayBuffers":18891},"cpu":7,"timestamp":"2026-05-07T17:40:36.348Z"},"timestamp":"2026-05-07T17:40:36.348Z"}
{"type":"scanner_analysis","payload":{"uptime":900.5256435,"memory":{"rss":46370816,"heapTotal":10035200,"heapUsed":8770776,"external":2314225,"arrayBuffers":18891},"cpu":7,"timestamp":"2026-05-07T17:41:06.355Z"},"timestamp":"2026-05-07T17:41:06.355Z"}
{"type":"scanner_analysis","payload":{"uptime":930.529651,"memory":{"rss":46436352,"heapTotal":10035200,"heapUsed":8794920,"external":2314225,"arrayBuffers":18891},"cpu":7,"timestamp":"2026-05-07T17:41:36.359Z"},"timestamp":"2026-05-07T17:41:36.359Z"}
{"type":"scanner_analysis","payload":{"uptime":960.5431952,"memory":{"rss":46505984,"heapTotal":10035200,"heapUsed":8814232,"external":2314225,"arrayBuffers":18891},"cpu":7,"timestamp":"2026-05-07T17:42:06.372Z"},"timestamp":"2026-05-07T17:42:06.372Z"}
{"type":"scanner_analysis","payload":{"uptime":990.5471898,"memory":{"rss":46505984,"heapTotal":10035200,"heapUsed":8833568,"external":2314225,"arrayBuffers":18891},"cpu":7,"timestamp":"2026-05-07T17:42:36.377Z"},"timestamp":"2026-05-07T17:42:36.377Z"}
{"type":"scanner_analysis","payload":{"uptime":1020.5562514,"memory":{"rss":46505984,"heapTotal":10035200,"heapUsed":8852904,"external":2314225,"arrayBuffers":18891},"cpu":7,"timestamp":"2026-05-07T17:43:06.386Z"},"timestamp":"2026-05-07T17:43:06.386Z"}
{"type":"scanner_analysis","payload":{"uptime":1050.558268,"memory":{"rss":46571520,"heapTotal":10035200,"heapUsed":8872240,"external":2314225,"arrayBuffers":18891},"cpu":7,"timestamp":"2026-05-07T17:43:36.388Z"},"timestamp":"2026-05-07T17:43:36.388Z"}
{"type":"scanner_analysis","payload":{"uptime":1080.5703364,"memory":{"rss":46571520,"heapTotal":10035200,"heapUsed":8892784,"external":2314225,"arrayBuffers":18891},"cpu":7,"timestamp":"2026-05-07T17:44:06.400Z"},"timestamp":"2026-05-07T17:44:06.400Z"}
{"type":"scanner_analysis","payload":{"uptime":1110.5718441,"memory":{"rss":46571520,"heapTotal":10035200,"heapUsed":8912120,"external":2314225,"arrayBuffers":18891},"cpu":7,"timestamp":"2026-05-07T17:44:36.401Z"},"timestamp":"2026-05-07T17:44:36.401Z"}
{"type":"scanner_analysis","payload":{"uptime":1140.5719613,"memory":{"rss":46571520,"heapTotal":10035200,"heapUsed":8931456,"external":2314225,"arrayBuffers":18891},"cpu":7,"timestamp":"2026-05-07T17:45:06.401Z"},"timestamp":"2026-05-07T17:45:06.401Z"}
{"type":"scanner_analysis","payload":{"uptime":1170.5759466,"memory":{"rss":46637056,"heapTotal":10035200,"heapUsed":8950792,"external":2314225,"arrayBuffers":18891},"cpu":7,"timestamp":"2026-05-07T17:45:36.405Z"},"timestamp":"2026-05-07T17:45:36.405Z"}
{"type":"scanner_analysis","payload":{"uptime":1200.5870048,"memory":{"rss":46637056,"heapTotal":10035200,"heapUsed":8970128,"external":2314225,"arrayBuffers":18891},"cpu":7,"timestamp":"2026-05-07T17:46:06.416Z"},"timestamp":"2026-05-07T17:46:06.416Z"}
{"type":"scanner_analysis","payload":{"uptime":1230.5880108,"memory":{"rss":46637056,"heapTotal":10035200,"heapUsed":8989464,"external":2314225,"arrayBuffers":18891},"cpu":7,"timestamp":"2026-05-07T17:46:36.417Z"},"timestamp":"2026-05-07T17:46:36.417Z"}
{"type":"scanner_analysis","payload":{"uptime":1260.5890771,"memory":{"rss":46649344,"heapTotal":10035200,"heapUsed":9009552,"external":2314225,"arrayBuffers":18891},"cpu":7,"timestamp":"2026-05-07T17:47:06.418Z"},"timestamp":"2026-05-07T17:47:06.418Z"}
{"type":"scanner_analysis","payload":{"uptime":1290.5960713,"memory":{"rss":46723072,"heapTotal":10035200,"heapUsed":9034112,"external":2314225,"arrayBuffers":18891},"cpu":7,"timestamp":"2026-05-07T17:47:36.425Z"},"timestamp":"2026-05-07T17:47:36.425Z"}
{"type":"scanner_analysis","payload":{"uptime":1320.606654,"memory":{"rss":46743552,"heapTotal":10035200,"heapUsed":9053424,"external":2314225,"arrayBuffers":18891},"cpu":7,"timestamp":"2026-05-07T17:48:06.436Z"},"timestamp":"2026-05-07T17:48:06.436Z"}
{"type":"scanner_analysis","payload":{"uptime":1350.6186659,"memory":{"rss":46854144,"heapTotal":10035200,"heapUsed":8256080,"external":2314225,"arrayBuffers":18891},"cpu":7,"timestamp":"2026-05-07T17:48:36.448Z"},"timestamp":"2026-05-07T17:48:36.448Z"}
{"type":"scanner_analysis","payload":{"uptime":1380.6312801,"memory":{"rss":46874624,"heapTotal":10035200,"heapUsed":8276240,"external":2314225,"arrayBuffers":18891},"cpu":7,"timestamp":"2026-05-07T17:49:06.461Z"},"timestamp":"2026-05-07T17:49:06.461Z"}
{"type":"scanner_analysis","payload":{"uptime":1410.6457723,"memory":{"rss":46891008,"heapTotal":10035200,"heapUsed":8295552,"external":2314225,"arrayBuffers":18891},"cpu":7,"timestamp":"2026-05-07T17:49:36.475Z"},"timestamp":"2026-05-07T17:49:36.475Z"}
{"type":"scanner_analysis","payload":{"uptime":1440.6548873,"memory":{"rss":46907392,"heapTotal":10035200,"heapUsed":8314864,"external":2314225,"arrayBuffers":18891},"cpu":7,"timestamp":"2026-05-07T17:50:06.484Z"},"timestamp":"2026-05-07T17:50:06.484Z"}
{"type":"scanner_analysis","payload":{"uptime":1470.6668585,"memory":{"rss":46927872,"heapTotal":10035200,"heapUsed":8334176,"external":2314225,"arrayBuffers":18891},"cpu":7,"timestamp":"2026-05-07T17:50:36.496Z"},"timestamp":"2026-05-07T17:50:36.496Z"}
{"type":"scanner_analysis","payload":{"uptime":1500.6744584,"memory":{"rss":47009792,"heapTotal":10035200,"heapUsed":8353488,"external":2314225,"arrayBuffers":18891},"cpu":7,"timestamp":"2026-05-07T17:51:06.504Z"},"timestamp":"2026-05-07T17:51:06.504Z"}
{"type":"scanner_analysis","payload":{"uptime":1530.6805133,"memory":{"rss":47009792,"heapTotal":10035200,"heapUsed":8372800,"external":2314225,"arrayBuffers":18891},"cpu":7,"timestamp":"2026-05-07T17:51:36.510Z"},"timestamp":"2026-05-07T17:51:36.510Z"}
{"type":"scanner_analysis","payload":{"uptime":1560.6825544,"memory":{"rss":47009792,"heapTotal":10035200,"heapUsed":8392816,"external":2314225,"arrayBuffers":18891},"cpu":7,"timestamp":"2026-05-07T17:52:06.512Z"},"timestamp":"2026-05-07T17:52:06.512Z"}
{"type":"scanner_analysis","payload":{"uptime":1590.6930448,"memory":{"rss":47009792,"heapTotal":10035200,"heapUsed":8412104,"external":2314225,"arrayBuffers":18891},"cpu":7,"timestamp":"2026-05-07T17:52:36.522Z"},"timestamp":"2026-05-07T17:52:36.522Z"}
{"type":"scanner_analysis","payload":{"uptime":1620.6966198,"memory":{"rss":47075328,"heapTotal":10035200,"heapUsed":8431392,"external":2314225,"arrayBuffers":18891},"cpu":7,"timestamp":"2026-05-07T17:53:06.526Z"},"timestamp":"2026-05-07T17:53:06.526Z"}
{"type":"scanner_analysis","payload":{"uptime":1650.7026323,"memory":{"rss":47075328,"heapTotal":10035200,"heapUsed":8450704,"external":2314225,"arrayBuffers":18891},"cpu":7,"timestamp":"2026-05-07T17:53:36.532Z"},"timestamp":"2026-05-07T17:53:36.532Z"}
{"type":"scanner_analysis","payload":{"uptime":1680.7136915,"memory":{"rss":47075328,"heapTotal":10035200,"heapUsed":8469992,"external":2314225,"arrayBuffers":18891},"cpu":7,"timestamp":"2026-05-07T17:54:06.543Z"},"timestamp":"2026-05-07T17:54:06.543Z"}
{"type":"scanner_analysis","payload":{"uptime":1710.7147198,"memory":{"rss":47079424,"heapTotal":10035200,"heapUsed":8489280,"external":2314225,"arrayBuffers":18891},"cpu":7,"timestamp":"2026-05-07T17:54:36.544Z"},"timestamp":"2026-05-07T17:54:36.544Z"}
{"type":"scanner_analysis","payload":{"uptime":1740.7242982,"memory":{"rss":47099904,"heapTotal":10035200,"heapUsed":8508616,"external":2314225,"arrayBuffers":18891},"cpu":7,"timestamp":"2026-05-07T17:55:06.554Z"},"timestamp":"2026-05-07T17:55:06.554Z"}
{"type":"scanner_analysis","payload":{"uptime":1770.7297943,"memory":{"rss":47116288,"heapTotal":10035200,"heapUsed":8527928,"external":2314225,"arrayBuffers":18891},"cpu":7,"timestamp":"2026-05-07T17:55:36.559Z"},"timestamp":"2026-05-07T17:55:36.559Z"}
{"type":"scanner_analysis","payload":{"uptime":1800.7393875,"memory":{"rss":47136768,"heapTotal":10035200,"heapUsed":8547240,"external":2314225,"arrayBuffers":18891},"cpu":7,"timestamp":"2026-05-07T17:56:06.569Z"},"timestamp":"2026-05-07T17:56:06.569Z"}
{"type":"scanner_analysis","payload":{"uptime":1830.7543772,"memory":{"rss":47202304,"heapTotal":10035200,"heapUsed":8566552,"external":2314225,"arrayBuffers":18891},"cpu":7,"timestamp":"2026-05-07T17:56:36.584Z"},"timestamp":"2026-05-07T17:56:36.584Z"}
{"type":"scanner_analysis","payload":{"uptime":1860.7624451,"memory":{"rss":47202304,"heapTotal":10035200,"heapUsed":8585864,"external":2314225,"arrayBuffers":18891},"cpu":7,"timestamp":"2026-05-07T17:57:06.592Z"},"timestamp":"2026-05-07T17:57:06.592Z"}
{"type":"scanner_analysis","payload":{"uptime":1890.7664388,"memory":{"rss":47202304,"heapTotal":10035200,"heapUsed":8605152,"external":2314225,"arrayBuffers":18891},"cpu":7,"timestamp":"2026-05-07T17:57:36.596Z"},"timestamp":"2026-05-07T17:57:36.596Z"}
{"type":"scanner_analysis","payload":{"uptime":1920.7769437,"memory":{"rss":47267840,"heapTotal":10035200,"heapUsed":8624440,"external":2314225,"arrayBuffers":18891},"cpu":7,"timestamp":"2026-05-07T17:58:06.606Z"},"timestamp":"2026-05-07T17:58:06.606Z"}
{"type":"scanner_analysis","payload":{"uptime":1950.7799249,"memory":{"rss":47267840,"heapTotal":10035200,"heapUsed":8643752,"external":2314225,"arrayBuffers":18891},"cpu":7,"timestamp":"2026-05-07T17:58:36.609Z"},"timestamp":"2026-05-07T17:58:36.609Z"}
{"type":"scanner_analysis","payload":{"uptime":1980.7870057,"memory":{"rss":47267840,"heapTotal":10035200,"heapUsed":8663040,"external":2314225,"arrayBuffers":18891},"cpu":7,"timestamp":"2026-05-07T17:59:06.616Z"},"timestamp":"2026-05-07T17:59:06.616Z"}
{"type":"scanner_analysis","payload":{"uptime":2010.7940016,"memory":{"rss":47333376,"heapTotal":10035200,"heapUsed":8682328,"external":2314225,"arrayBuffers":18891},"cpu":7,"timestamp":"2026-05-07T17:59:36.623Z"},"timestamp":"2026-05-07T17:59:36.623Z"}
{"type":"scanner_analysis","payload":{"uptime":2040.8060693,"memory":{"rss":47333376,"heapTotal":10035200,"heapUsed":8701640,"external":2314225,"arrayBuffers":18891},"cpu":7,"timestamp":"2026-05-07T18:00:06.635Z"},"timestamp":"2026-05-07T18:00:06.635Z"}
{"type":"scanner_analysis","payload":{"uptime":2070.8120918,"memory":{"rss":47333376,"heapTotal":10035200,"heapUsed":8720928,"external":2314225,"arrayBuffers":18891},"cpu":7,"timestamp":"2026-05-07T18:00:36.641Z"},"timestamp":"2026-05-07T18:00:36.641Z"}
{"type":"scanner_analysis","payload":{"uptime":2100.8271442,"memory":{"rss":47333376,"heapTotal":10035200,"heapUsed":8742688,"external":2314225,"arrayBuffers":18891},"cpu":7,"timestamp":"2026-05-07T18:01:06.656Z"},"timestamp":"2026-05-07T18:01:06.656Z"}
{"type":"scanner_analysis","payload":{"uptime":2130.8371527,"memory":{"rss":47357952,"heapTotal":10035200,"heapUsed":8765560,"external":2314225,"arrayBuffers":18891},"cpu":7,"timestamp":"2026-05-07T18:01:36.666Z"},"timestamp":"2026-05-07T18:01:36.666Z"}
{"type":"scanner_analysis","payload":{"uptime":2160.8462164,"memory":{"rss":47374336,"heapTotal":10035200,"heapUsed":8784896,"external":2314225,"arrayBuffers":18891},"cpu":7,"timestamp":"2026-05-07T18:02:06.675Z"},"timestamp":"2026-05-07T18:02:06.676Z"}
{"type":"scanner_analysis","payload":{"uptime":2190.8562157,"memory":{"rss":47407104,"heapTotal":10035200,"heapUsed":8810376,"external":2314225,"arrayBuffers":18891},"cpu":7,"timestamp":"2026-05-07T18:02:36.685Z"},"timestamp":"2026-05-07T18:02:36.685Z"}
{"type":"scanner_analysis","payload":{"uptime":2220.8582797,"memory":{"rss":47484928,"heapTotal":10035200,"heapUsed":8829472,"external":2314225,"arrayBuffers":18891},"cpu":7,"timestamp":"2026-05-07T18:03:06.688Z"},"timestamp":"2026-05-07T18:03:06.688Z"}
{"type":"scanner_analysis","payload":{"uptime":2250.8602828,"memory":{"rss":47484928,"heapTotal":10035200,"heapUsed":8848544,"external":2314225,"arrayBuffers":18891},"cpu":7,"timestamp":"2026-05-07T18:03:36.690Z"},"timestamp":"2026-05-07T18:03:36.690Z"}
{"type":"scanner_analysis","payload":{"uptime":2280.863355,"memory":{"rss":47484928,"heapTotal":10035200,"heapUsed":8867592,"external":2314225,"arrayBuffers":18891},"cpu":7,"timestamp":"2026-05-07T18:04:06.693Z"},"timestamp":"2026-05-07T18:04:06.693Z"}
{"type":"scanner_analysis","payload":{"uptime":2310.8673703,"memory":{"rss":47484928,"heapTotal":10035200,"heapUsed":8886640,"external":2314225,"arrayBuffers":18891},"cpu":7,"timestamp":"2026-05-07T18:04:36.697Z"},"timestamp":"2026-05-07T18:04:36.697Z"}
{"type":"scanner_analysis","payload":{"uptime":2340.8714458,"memory":{"rss":47550464,"heapTotal":10035200,"heapUsed":8905688,"external":2314225,"arrayBuffers":18891},"cpu":7,"timestamp":"2026-05-07T18:05:06.701Z"},"timestamp":"2026-05-07T18:05:06.701Z"}
{"type":"scanner_analysis","payload":{"uptime":2370.8864607,"memory":{"rss":47550464,"heapTotal":10035200,"heapUsed":8924760,"external":2314225,"arrayBuffers":18891},"cpu":7,"timestamp":"2026-05-07T18:05:36.716Z"},"timestamp":"2026-05-07T18:05:36.716Z"}
{"type":"scanner_analysis","payload":{"uptime":2400.8985075,"memory":{"rss":47550464,"heapTotal":10035200,"heapUsed":8943808,"external":2314225,"arrayBuffers":18891},"cpu":7,"timestamp":"2026-05-07T18:06:06.728Z"},"timestamp":"2026-05-07T18:06:06.728Z"}
{"type":"scanner_analysis","payload":{"uptime":2430.9015097,"memory":{"rss":47616000,"heapTotal":10035200,"heapUsed":8962856,"external":2314225,"arrayBuffers":18891},"cpu":7,"timestamp":"2026-05-07T18:06:36.731Z"},"timestamp":"2026-05-07T18:06:36.731Z"}
{"type":"scanner_analysis","payload":{"uptime":2460.9065841,"memory":{"rss":47616000,"heapTotal":10035200,"heapUsed":8982672,"external":2314225,"arrayBuffers":18891},"cpu":7,"timestamp":"2026-05-07T18:07:06.736Z"},"timestamp":"2026-05-07T18:07:06.736Z"}
{"type":"scanner_analysis","payload":{"uptime":2490.9145926,"memory":{"rss":47616000,"heapTotal":10035200,"heapUsed":9001720,"external":2314225,"arrayBuffers":18891},"cpu":7,"timestamp":"2026-05-07T18:07:36.744Z"},"timestamp":"2026-05-07T18:07:36.744Z"}
{"type":"scanner_analysis","payload":{"uptime":2520.914675,"memory":{"rss":47616000,"heapTotal":10035200,"heapUsed":9020768,"external":2314225,"arrayBuffers":18891},"cpu":7,"timestamp":"2026-05-07T18:08:06.744Z"},"timestamp":"2026-05-07T18:08:06.744Z"}
{"type":"scanner_analysis","payload":{"uptime":2550.9146777,"memory":{"rss":47636480,"heapTotal":10035200,"heapUsed":9039840,"external":2314225,"arrayBuffers":18891},"cpu":7,"timestamp":"2026-05-07T18:08:36.744Z"},"timestamp":"2026-05-07T18:08:36.744Z"}
{"type":"scanner_analysis","payload":{"uptime":2580.9147542,"memory":{"rss":47656960,"heapTotal":10035200,"heapUsed":9058936,"external":2314225,"arrayBuffers":18891},"cpu":7,"timestamp":"2026-05-07T18:09:06.744Z"},"timestamp":"2026-05-07T18:09:06.744Z"}
{"type":"scanner_analysis","payload":{"uptime":2610.9257594,"memory":{"rss":47669248,"heapTotal":10035200,"heapUsed":8278960,"external":2314225,"arrayBuffers":18891},"cpu":7,"timestamp":"2026-05-07T18:09:36.755Z"},"timestamp":"2026-05-07T18:09:36.755Z"}
{"type":"scanner_analysis","payload":{"uptime":2640.9378819,"memory":{"rss":47669248,"heapTotal":10035200,"heapUsed":8298056,"external":2314225,"arrayBuffers":18891},"cpu":7,"timestamp":"2026-05-07T18:10:06.767Z"},"timestamp":"2026-05-07T18:10:06.767Z"}
{"type":"scanner_analysis","payload":{"uptime":2670.9466401,"memory":{"rss":47669248,"heapTotal":10035200,"heapUsed":8317152,"external":2314225,"arrayBuffers":18891},"cpu":7,"timestamp":"2026-05-07T18:10:36.776Z"},"timestamp":"2026-05-07T18:10:36.776Z"}
{"type":"scanner_analysis","payload":{"uptime":2700.9516786,"memory":{"rss":47669248,"heapTotal":10035200,"heapUsed":8336248,"external":2314225,"arrayBuffers":18891},"cpu":7,"timestamp":"2026-05-07T18:11:06.781Z"},"timestamp":"2026-05-07T18:11:06.781Z"}
{"type":"runtime.validation.failed","payload":[["env",{"valid":false,"missing":["NODE_ENV"]}]],"timestamp":"2026-05-07T18:11:25.996Z"}
{"type":"scanner_analysis","payload":{"uptime":2730.9653588,"memory":{"rss":47669248,"heapTotal":10035200,"heapUsed":8355344,"external":2314225,"arrayBuffers":18891},"cpu":7,"timestamp":"2026-05-07T18:11:36.795Z"},"timestamp":"2026-05-07T18:11:36.795Z"}
{"type":"scanner_analysis","payload":{"uptime":2760.9693488,"memory":{"rss":47669248,"heapTotal":10035200,"heapUsed":8374440,"external":2314225,"arrayBuffers":18891},"cpu":7,"timestamp":"2026-05-07T18:12:06.799Z"},"timestamp":"2026-05-07T18:12:06.799Z"}
{"type":"scanner_analysis","payload":{"uptime":2790.9828885,"memory":{"rss":47669248,"heapTotal":10035200,"heapUsed":8393536,"external":2314225,"arrayBuffers":18891},"cpu":7,"timestamp":"2026-05-07T18:12:36.812Z"},"timestamp":"2026-05-07T18:12:36.812Z"}
{"type":"scanner_analysis","payload":{"uptime":2820.987885,"memory":{"rss":47669248,"heapTotal":10035200,"heapUsed":8412632,"external":2314225,"arrayBuffers":18891},"cpu":7,"timestamp":"2026-05-07T18:13:06.817Z"},"timestamp":"2026-05-07T18:13:06.817Z"}
{"type":"scanner_analysis","payload":{"uptime":2850.991201,"memory":{"rss":47669248,"heapTotal":10035200,"heapUsed":8431728,"external":2314225,"arrayBuffers":18891},"cpu":7,"timestamp":"2026-05-07T18:13:36.821Z"},"timestamp":"2026-05-07T18:13:36.821Z"}
{"type":"scanner_analysis","payload":{"uptime":2881.0013418,"memory":{"rss":47669248,"heapTotal":10035200,"heapUsed":8454536,"external":2314225,"arrayBuffers":18891},"cpu":7,"timestamp":"2026-05-07T18:14:06.831Z"},"timestamp":"2026-05-07T18:14:06.831Z"}
{"type":"scanner_analysis","payload":{"uptime":2911.0103327,"memory":{"rss":47669248,"heapTotal":10035200,"heapUsed":8473632,"external":2314225,"arrayBuffers":18891},"cpu":7,"timestamp":"2026-05-07T18:14:36.840Z"},"timestamp":"2026-05-07T18:14:36.840Z"}
{"type":"scanner_analysis","payload":{"uptime":2941.0103213,"memory":{"rss":47669248,"heapTotal":10035200,"heapUsed":8492728,"external":2314225,"arrayBuffers":18891},"cpu":7,"timestamp":"2026-05-07T18:15:06.840Z"},"timestamp":"2026-05-07T18:15:06.840Z"}
{"type":"scanner_analysis","payload":{"uptime":2971.0203556,"memory":{"rss":47669248,"heapTotal":10035200,"heapUsed":8511864,"external":2314225,"arrayBuffers":18891},"cpu":7,"timestamp":"2026-05-07T18:15:36.850Z"},"timestamp":"2026-05-07T18:15:36.850Z"}
{"type":"scanner_analysis","payload":{"uptime":3001.0280001,"memory":{"rss":47669248,"heapTotal":10035200,"heapUsed":8530960,"external":2314225,"arrayBuffers":18891},"cpu":7,"timestamp":"2026-05-07T18:16:06.857Z"},"timestamp":"2026-05-07T18:16:06.857Z"}
{"type":"scanner_analysis","payload":{"uptime":3031.0320052,"memory":{"rss":47669248,"heapTotal":10035200,"heapUsed":8550056,"external":2314225,"arrayBuffers":18891},"cpu":7,"timestamp":"2026-05-07T18:16:36.861Z"},"timestamp":"2026-05-07T18:16:36.861Z"}
{"type":"runtime.supervision.ok","payload":{"status":"healthy","timestamp":"2026-05-07T18:16:44.230Z"},"timestamp":"2026-05-07T18:16:44.232Z"}
{"type":"scanner_analysis","payload":{"uptime":3061.0371961,"memory":{"rss":47669248,"heapTotal":10035200,"heapUsed":8569152,"external":2314225,"arrayBuffers":18891},"cpu":7,"timestamp":"2026-05-07T18:17:06.866Z"},"timestamp":"2026-05-07T18:17:06.866Z"}
{"type":"scanner_analysis","payload":{"uptime":3091.0451618,"memory":{"rss":47669248,"heapTotal":10035200,"heapUsed":8588248,"external":2314225,"arrayBuffers":18891},"cpu":7,"timestamp":"2026-05-07T18:17:36.874Z"},"timestamp":"2026-05-07T18:17:36.874Z"}
{"type":"scanner_analysis","payload":{"uptime":3121.0599842,"memory":{"rss":47669248,"heapTotal":10035200,"heapUsed":8607344,"external":2314225,"arrayBuffers":18891},"cpu":7,"timestamp":"2026-05-07T18:18:06.889Z"},"timestamp":"2026-05-07T18:18:06.889Z"}
{"type":"scanner_analysis","payload":{"uptime":3151.071985,"memory":{"rss":47669248,"heapTotal":10035200,"heapUsed":8626440,"external":2314225,"arrayBuffers":18891},"cpu":7,"timestamp":"2026-05-07T18:18:36.901Z"},"timestamp":"2026-05-07T18:18:36.901Z"}
{"type":"production.guard.failed","payload":{"missing":["NODE_ENV"]},"timestamp":"2026-05-07T18:19:05.331Z"}
{"type":"scanner_analysis","payload":{"uptime":3181.0864541,"memory":{"rss":47669248,"heapTotal":10035200,"heapUsed":8645536,"external":2314225,"arrayBuffers":18891},"cpu":7,"timestamp":"2026-05-07T18:19:06.916Z"},"timestamp":"2026-05-07T18:19:06.916Z"}
{"type":"production.guard.failed","payload":{"missing":["NODE_ENV"]},"timestamp":"2026-05-07T18:19:32.101Z"}
{"type":"scanner_analysis","payload":{"uptime":3211.0875969,"memory":{"rss":47669248,"heapTotal":10035200,"heapUsed":8664632,"external":2314225,"arrayBuffers":18891},"cpu":7,"timestamp":"2026-05-07T18:19:36.917Z"},"timestamp":"2026-05-07T18:19:36.917Z"}
{"type":"production.guard.ok","payload":{"status":"validated"},"timestamp":"2026-05-07T18:20:00.278Z"}
{"type":"production.pipeline.ok","payload":{"runtime":true,"governance":true,"recovery":true,"telemetry":true},"timestamp":"2026-05-07T18:20:00.299Z"}
{"type":"scanner_analysis","payload":{"uptime":3241.0887143,"memory":{"rss":47669248,"heapTotal":10035200,"heapUsed":8683728,"external":2314225,"arrayBuffers":18891},"cpu":7,"timestamp":"2026-05-07T18:20:06.918Z"},"timestamp":"2026-05-07T18:20:06.918Z"}
{"type":"scanner_analysis","payload":{"uptime":3271.0946722,"memory":{"rss":47669248,"heapTotal":10035200,"heapUsed":8702824,"external":2314225,"arrayBuffers":18891},"cpu":7,"timestamp":"2026-05-07T18:20:36.924Z"},"timestamp":"2026-05-07T18:20:36.924Z"}
{"type":"runtime.validation.ok","payload":{"env":{"valid":true,"missing":[]},"scheduler":{"valid":true},"telemetry":{"valid":true},"memory":{"valid":true},"voice":{"valid":true},"orchestration":{"valid":true},"contracts":{"valid":true}},"timestamp":"2026-05-07T18:20:49.198Z"}
{"type":"runtime.supervision.ok","payload":{"status":"healthy","timestamp":"2026-05-07T18:20:49.219Z"},"timestamp":"2026-05-07T18:20:49.219Z"}
{"type":"production.guard.ok","payload":{"status":"validated"},"timestamp":"2026-05-07T18:20:49.220Z"}
{"type":"production.pipeline.ok","payload":{"runtime":true,"governance":true,"recovery":true,"telemetry":true},"timestamp":"2026-05-07T18:20:49.221Z"}
{"type":"scanner_analysis","payload":{"uptime":3301.1038221,"memory":{"rss":47669248,"heapTotal":10035200,"heapUsed":8721920,"external":2314225,"arrayBuffers":18891},"cpu":7,"timestamp":"2026-05-07T18:21:06.933Z"},"timestamp":"2026-05-07T18:21:06.933Z"}
{"type":"runtime.healthy","payload":{"timestamp":"2026-05-07T18:21:13.421Z"},"timestamp":"2026-05-07T18:21:13.423Z"}
{"type":"runtime.health.propagation","payload":{"state":"healthy","timestamp":"2026-05-07T18:21:13.444Z"},"timestamp":"2026-05-07T18:21:13.444Z"}
{"type":"scanner_analysis","payload":{"uptime":3331.1061813,"memory":{"rss":47669248,"heapTotal":10035200,"heapUsed":8741016,"external":2314225,"arrayBuffers":18891},"cpu":7,"timestamp":"2026-05-07T18:21:36.935Z"},"timestamp":"2026-05-07T18:21:36.935Z"}
{"type":"scanner_analysis","payload":{"uptime":3361.1118198,"memory":{"rss":47669248,"heapTotal":10035200,"heapUsed":8760112,"external":2314225,"arrayBuffers":18891},"cpu":7,"timestamp":"2026-05-07T18:22:06.941Z"},"timestamp":"2026-05-07T18:22:06.941Z"}
{"type":"scanner_analysis","payload":{"uptime":3391.1218146,"memory":{"rss":47669248,"heapTotal":10035200,"heapUsed":8779208,"external":2314225,"arrayBuffers":18891},"cpu":7,"timestamp":"2026-05-07T18:22:36.951Z"},"timestamp":"2026-05-07T18:22:36.951Z"}
{"type":"runtime.metrics","payload":{"uptime":0.0351922,"memory":{"rss":39538688,"heapTotal":6365184,"heapUsed":4056656,"external":1293950,"arrayBuffers":10511},"timestamp":"2026-05-07T18:23:00.577Z"},"timestamp":"2026-05-07T18:23:00.578Z"}
{"type":"runtime.observability","payload":{"event":"runtime.observability","timestamp":"2026-05-07T18:23:00.598Z"},"timestamp":"2026-05-07T18:23:00.598Z"}
{"type":"scanner_analysis","payload":{"uptime":3421.1354534,"memory":{"rss":47669248,"heapTotal":10035200,"heapUsed":8799192,"external":2314225,"arrayBuffers":18891},"cpu":7,"timestamp":"2026-05-07T18:23:06.965Z"},"timestamp":"2026-05-07T18:23:06.965Z"}
{"type":"scanner_analysis","payload":{"uptime":3451.1425884,"memory":{"rss":47669248,"heapTotal":10035200,"heapUsed":8818288,"external":2314225,"arrayBuffers":18891},"cpu":7,"timestamp":"2026-05-07T18:23:36.972Z"},"timestamp":"2026-05-07T18:23:36.972Z"}
{"type":"runtime.validation.ok","payload":{"env":{"valid":true,"missing":[]},"scheduler":{"valid":true},"telemetry":{"valid":true},"memory":{"valid":true},"voice":{"valid":true},"orchestration":{"valid":true},"contracts":{"valid":true}},"timestamp":"2026-05-07T18:23:51.263Z"}
{"type":"runtime.supervision.ok","payload":{"status":"healthy","timestamp":"2026-05-07T18:23:51.283Z"},"timestamp":"2026-05-07T18:23:51.283Z"}
{"type":"production.guard.ok","payload":{"status":"validated"},"timestamp":"2026-05-07T18:23:51.284Z"}
{"type":"production.pipeline.ok","payload":{"runtime":true,"governance":true,"recovery":true,"telemetry":true},"timestamp":"2026-05-07T18:23:51.286Z"}
{"type":"runtime.validation.ok","payload":{"env":{"valid":true,"missing":[]},"scheduler":{"valid":true},"telemetry":{"valid":true},"memory":{"valid":true},"voice":{"valid":true},"orchestration":{"valid":true},"contracts":{"valid":true}},"timestamp":"2026-05-07T18:23:51.379Z"}
{"type":"runtime.supervision.ok","payload":{"status":"healthy","timestamp":"2026-05-07T18:23:51.486Z"},"timestamp":"2026-05-07T18:23:51.487Z"}
{"type":"runtime.metrics","payload":{"uptime":0.0365083,"memory":{"rss":39587840,"heapTotal":6365184,"heapUsed":4056656,"external":1293950,"arrayBuffers":10511},"timestamp":"2026-05-07T18:23:51.582Z"},"timestamp":"2026-05-07T18:23:51.583Z"}
{"type":"runtime.observability","payload":{"event":"runtime.observability","timestamp":"2026-05-07T18:23:51.602Z"},"timestamp":"2026-05-07T18:23:51.602Z"}
{"type":"scanner_analysis","payload":{"uptime":3481.1435077,"memory":{"rss":47742976,"heapTotal":10297344,"heapUsed":8956656,"external":2314225,"arrayBuffers":18891},"cpu":7,"timestamp":"2026-05-07T18:24:06.973Z"},"timestamp":"2026-05-07T18:24:06.973Z"}
{"type":"scanner_analysis","payload":{"uptime":3511.1536529,"memory":{"rss":47742976,"heapTotal":10297344,"heapUsed":8975752,"external":2314225,"arrayBuffers":18891},"cpu":7,"timestamp":"2026-05-07T18:24:36.983Z"},"timestamp":"2026-05-07T18:24:36.983Z"}
{"type":"runtime.validation.ok","payload":{"env":{"valid":true,"missing":[]},"scheduler":{"valid":true},"telemetry":{"valid":true},"memory":{"valid":true},"voice":{"valid":true},"orchestration":{"valid":true},"contracts":{"valid":true}},"timestamp":"2026-05-07T18:24:49.252Z"}
{"type":"runtime.supervision.ok","payload":{"status":"healthy","timestamp":"2026-05-07T18:24:49.272Z"},"timestamp":"2026-05-07T18:24:49.272Z"}
{"type":"production.guard.ok","payload":{"status":"validated"},"timestamp":"2026-05-07T18:24:49.275Z"}
{"type":"production.pipeline.ok","payload":{"runtime":true,"governance":true,"recovery":true,"telemetry":true},"timestamp":"2026-05-07T18:24:49.276Z"}
{"type":"scanner_analysis","payload":{"uptime":3541.166915,"memory":{"rss":47759360,"heapTotal":10559488,"heapUsed":9059712,"external":2314225,"arrayBuffers":18891},"cpu":7,"timestamp":"2026-05-07T18:25:06.996Z"},"timestamp":"2026-05-07T18:25:06.996Z"}
{"type":"scanner_analysis","payload":{"uptime":3571.1669132,"memory":{"rss":47759360,"heapTotal":10559488,"heapUsed":9078808,"external":2314225,"arrayBuffers":18891},"cpu":7,"timestamp":"2026-05-07T18:25:36.996Z"},"timestamp":"2026-05-07T18:25:36.996Z"}
{"type":"runtime.validation.ok","payload":{"env":{"valid":true,"missing":[]},"scheduler":{"valid":true},"telemetry":{"valid":true},"memory":{"valid":true},"voice":{"valid":true},"orchestration":{"valid":true},"contracts":{"valid":true}},"timestamp":"2026-05-07T18:25:57.932Z"}
{"type":"runtime.supervision.ok","payload":{"status":"healthy","timestamp":"2026-05-07T18:25:58.036Z"},"timestamp":"2026-05-07T18:25:58.038Z"}
{"type":"runtime.validation.ok","payload":{"env":{"valid":true,"missing":[]},"scheduler":{"valid":true},"telemetry":{"valid":true},"memory":{"valid":true},"voice":{"valid":true},"orchestration":{"valid":true},"contracts":{"valid":true}},"timestamp":"2026-05-07T18:25:58.149Z"}
{"type":"runtime.supervision.ok","payload":{"status":"healthy","timestamp":"2026-05-07T18:25:58.172Z"},"timestamp":"2026-05-07T18:25:58.172Z"}
{"type":"production.guard.ok","payload":{"status":"validated"},"timestamp":"2026-05-07T18:25:58.175Z"}
{"type":"production.pipeline.ok","payload":{"runtime":true,"governance":true,"recovery":true,"telemetry":true},"timestamp":"2026-05-07T18:25:58.177Z"}
{"type":"scanner_analysis","payload":{"uptime":3601.1790343,"memory":{"rss":47456256,"heapTotal":10559488,"heapUsed":9163696,"external":2314225,"arrayBuffers":18891},"cpu":7,"timestamp":"2026-05-07T18:26:07.008Z"},"timestamp":"2026-05-07T18:26:07.008Z"}
{"type":"scanner_analysis","payload":{"uptime":3631.1937811,"memory":{"rss":47456256,"heapTotal":10559488,"heapUsed":9182792,"external":2314225,"arrayBuffers":18891},"cpu":7,"timestamp":"2026-05-07T18:26:37.023Z"},"timestamp":"2026-05-07T18:26:37.023Z"}
{"type":"scanner_analysis","payload":{"uptime":3661.2068486,"memory":{"rss":47456256,"heapTotal":10559488,"heapUsed":9201888,"external":2314225,"arrayBuffers":18891},"cpu":7,"timestamp":"2026-05-07T18:27:07.036Z"},"timestamp":"2026-05-07T18:27:07.036Z"}
{"type":"runtime.validation.failed","payload":[["scheduler",{"valid":false}],["telemetry",{"valid":false}],["memory",{"valid":false}],["voice",{"valid":false}],["orchestration",{"valid":false}],["contracts",{"valid":false}]],"timestamp":"2026-05-07T18:27:28.375Z"}
{"type":"scanner_analysis","payload":{"uptime":3691.2183125,"memory":{"rss":47464448,"heapTotal":10559488,"heapUsed":8413080,"external":2314225,"arrayBuffers":18891},"cpu":7,"timestamp":"2026-05-07T18:27:37.047Z"},"timestamp":"2026-05-07T18:27:37.047Z"}
{"type":"scanner_analysis","payload":{"uptime":3721.2282399,"memory":{"rss":47472640,"heapTotal":10559488,"heapUsed":8475200,"external":2314225,"arrayBuffers":18891},"cpu":7,"timestamp":"2026-05-07T18:28:07.057Z"},"timestamp":"2026-05-07T18:28:07.058Z"}
{"type":"runtime.validation.failed","payload":[["scheduler",{"valid":false}],["telemetry",{"valid":false}],["memory",{"valid":false}],["voice",{"valid":false}],["orchestration",{"valid":false}],["contracts",{"valid":false}]],"timestamp":"2026-05-07T18:28:27.643Z"}
{"type":"scanner_analysis","payload":{"uptime":3751.2386143,"memory":{"rss":47484928,"heapTotal":10559488,"heapUsed":8547664,"external":2314225,"arrayBuffers":18891},"cpu":7,"timestamp":"2026-05-07T18:28:37.068Z"},"timestamp":"2026-05-07T18:28:37.068Z"}
{"type":"runtime.validation.ok","payload":{"env":{"valid":true,"missing":[]},"scheduler":{"valid":true},"telemetry":{"valid":true},"memory":{"valid":true},"voice":{"valid":true},"orchestration":{"valid":true},"contracts":{"valid":true}},"timestamp":"2026-05-07T18:28:57.768Z"}
{"type":"runtime.validation.ok","payload":{"env":{"valid":true,"missing":[]},"scheduler":{"valid":true},"telemetry":{"valid":true},"memory":{"valid":true},"voice":{"valid":true},"orchestration":{"valid":true},"contracts":{"valid":true}},"timestamp":"2026-05-07T18:28:57.895Z"}
{"type":"runtime.supervision.ok","payload":{"status":"healthy","timestamp":"2026-05-07T18:28:57.916Z"},"timestamp":"2026-05-07T18:28:57.916Z"}
{"type":"production.guard.ok","payload":{"status":"validated"},"timestamp":"2026-05-07T18:28:57.919Z"}
{"type":"production.pipeline.ok","payload":{"runtime":true,"governance":true,"recovery":true,"telemetry":true},"timestamp":"2026-05-07T18:28:57.921Z"}
