2026-05-05 17:39:11 | ===== START AUTO FIX =====
2026-05-05 17:39:11 | BACKUP OK
2026-05-05 17:39:11 | RELATIVE PATH DETECTED
2026-05-05 17:39:11 | FIX APPLIED (TEMP)
2026-05-05 17:39:11 | TEST ENGINE LOAD
2026-05-05 17:39:11 | ENGINE LOAD FAIL
2026-05-05 17:39:11 | Cannot find module 'C:sinclin\core\src\sioc\resolve\decision.engine.js'
2026-05-05 17:39:11 | Require stack:
2026-05-05 17:39:11 | - C:\WINDOWS\system32\[eval]
2026-05-05 17:39:11 | TEST API
2026-05-05 17:39:11 | API FAIL
2026-05-05 17:39:11 | O servidor remoto retornou um erro: (500) Erro Interno do Servidor.
2026-05-05 17:39:11 | FIX FAILED ? ROLLBACK
2026-05-05 17:39:11 | ===== END AUTO FIX =====
2026-05-05 17:40:42 | ENGINE TEST (CORRECT CONTEXT)
2026-05-05 17:40:42 | ENGINE_ERROR
2026-05-05 17:40:42 | TypeError: Cannot read properties of undefined (reading 'raw_text')
2026-05-05 17:40:42 |     at Object.run (C:\sinclin\core\src\sioc\resolve\decision.engine.js:20:17)
2026-05-05 17:40:42 |     at [eval]:7:27
2026-05-05 17:40:42 |     at runScriptInThisContext (node:internal/vm:219:10)
2026-05-05 17:40:42 |     at node:internal/process/execution:451:12
2026-05-05 17:40:42 |     at [eval]-wrapper:6:24
2026-05-05 17:40:42 |     at runScriptInContext (node:internal/process/execution:449:60)
2026-05-05 17:40:42 |     at evalFunction (node:internal/process/execution:283:30)
2026-05-05 17:40:42 |     at evalTypeScript (node:internal/process/execution:295:3)
2026-05-05 17:40:42 |     at node:internal/main/eval_string:71:3
2026-05-05 17:42:05 | TEST WITH CORRECT CONTRACT
2026-05-05 17:42:05 | ENGINE_OK
2026-05-05 17:42:05 | {"text":"Informe o identificador do paciente (CPF ou ID):","next_step":"coletar_id","structured":{"paciente":{},"anamnese":{}}}
