2026-05-05 17:48:32 | === START SINCLIN ONE-RUN ===
2026-05-05 17:48:33 | API_BEFORE_ERROR: O servidor remoto retornou um erro: (500) Erro Interno do Servidor.
2026-05-05 17:48:34 | GIT SNAPSHOT OK
2026-05-05 17:48:34 | APPLY CONTRACT ADAPTER
2026-05-05 17:48:34 | ADAPTER APPLIED
2026-05-05 17:48:34 | node_modules REMOVED
2026-05-05 17:48:36 | npm install OK
2026-05-05 17:48:40 | DEPLOY SENT
2026-05-05 17:48:50 | CHECK 0
2026-05-05 17:48:50 | API_CHECK_ERROR: O servidor remoto retornou um erro: (500) Erro Interno do Servidor.
2026-05-05 17:49:00 | CHECK 1
2026-05-05 17:49:00 | API_CHECK_ERROR: O servidor remoto retornou um erro: (500) Erro Interno do Servidor.
2026-05-05 17:49:10 | CHECK 2
2026-05-05 17:49:10 | API_CHECK_ERROR: O servidor remoto retornou um erro: (500) Erro Interno do Servidor.
2026-05-05 17:49:20 | CHECK 3
2026-05-05 17:49:22 | API_CHECK_ERROR: O servidor remoto retornou um erro: (500) Erro Interno do Servidor.
2026-05-05 17:49:32 | CHECK 4
2026-05-05 17:49:32 | API_CHECK_ERROR: O servidor remoto retornou um erro: (500) Erro Interno do Servidor.
2026-05-05 17:49:42 | CHECK 5
2026-05-05 17:49:42 | API_CHECK_ERROR: O servidor remoto retornou um erro: (500) Erro Interno do Servidor.
2026-05-05 17:49:52 | CHECK 6
2026-05-05 17:49:52 | API_CHECK_ERROR: O servidor remoto retornou um erro: (500) Erro Interno do Servidor.
2026-05-05 17:50:02 | CHECK 7
2026-05-05 17:50:02 | API_CHECK_ERROR: O servidor remoto retornou um erro: (500) Erro Interno do Servidor.
2026-05-05 17:51:01 | CHECK 0
2026-05-05 17:51:01 | API_ERROR: O servidor remoto retornou um erro: (500) Erro Interno do Servidor.
2026-05-05 17:51:11 | CHECK 1
2026-05-05 17:51:12 | API_ERROR: O servidor remoto retornou um erro: (500) Erro Interno do Servidor.
2026-05-05 17:51:22 | CHECK 2
2026-05-05 17:51:22 | API_ERROR: O servidor remoto retornou um erro: (500) Erro Interno do Servidor.
2026-05-05 17:51:22 | FAIL FAST TRIGGERED
2026-05-05 17:52:05 | === SINCLIN PATCH v2 START ===
2026-05-05 17:52:05 | WRAPPER INJECTED
2026-05-05 17:52:10 | DEPLOY SENT
2026-05-05 17:52:20 | CHECK 0
2026-05-05 17:52:20 | O servidor remoto retornou um erro: (500) Erro Interno do Servidor.
2026-05-05 17:52:30 | CHECK 1
2026-05-05 17:52:30 | O servidor remoto retornou um erro: (500) Erro Interno do Servidor.
2026-05-05 17:52:40 | CHECK 2
2026-05-05 17:52:41 | O servidor remoto retornou um erro: (500) Erro Interno do Servidor.
2026-05-05 17:52:51 | CHECK 3
2026-05-05 17:52:51 | O servidor remoto retornou um erro: (500) Erro Interno do Servidor.
2026-05-05 17:53:01 | CHECK 4
2026-05-05 17:53:01 | O servidor remoto retornou um erro: (500) Erro Interno do Servidor.
2026-05-05 17:53:01 | FAIL
2026-05-05 17:53:01 | === SINCLIN PATCH v2 END ===
2026-05-05 17:53:49 | === SINCLIN PATCH v3 START ===
2026-05-05 17:53:49 | FORCE INPUT INJECTED
